ec
accents
algorithm
amstext
array
babel
bibtopic
bm
booktabs
CJKutf8
color
covington
csquotes
dvipost
endnotes
enumitem
esint
ifthen
fancybox
fancyhdr
framed
geometry
graphicx
hyperref
jurabib
latex8
listings
longtable
natbib
nicefrac
nomencl
pdfcolmk
pdfpages
prettyref
preview
rotating
rotfloat
setspace
slashed
soul
subfig
textcomp
ulem
units
url
varioref
wrapfig
xargs
xcolor
psnfss
avant
bookman
chancery
charter
courier
helvet
mathpazo
mathpple
mathptm
mathptmx
newcent
pifont
utopia
ae
bera
ccfonts
cmbright
eco
fourier
lmodern
tipa
