## This file declares layouts and their associated definition files.
## It has been automatically generated by configure
## Use "Options/Reconfigure" if you need to update it after a
## configuration change. Run ./configure manually to update the
## system wide version of this file.
"IEEEtran" "IEEEtran" "article (IEEEtran)" "true"
"aapaper" "aa" "article (A&A V4)" "true"
"aastex" "aastex" "article (AASTeX)" "true"
"aa" "aa" "article (A&A)" "true"
"achemso" "achemso" "article (ACS)" "true"
"acmsiggraph" "acmsiggraph" "article (ACM SIGGRAPH)" "false"
"agu-dtd" "AGU-article" "AGU article (SGML)" "false"
"agums" "aguplus" "article (AGU++ manuscript)" "false"
"amsart" "amsart" "article (AMS)" "true"
"amsbook" "amsbook" "book (AMS)" "true"
"apa" "apa" "article (APA)" "true"
"arab-article" "arabart" "article (Arabic)" "false"
"armenian-article" "article" "article (Armenian)" "true"
"article-beamer" "article" "article (beamer)" "true"
"article" "article" "article" "true"
"beamer" "beamer" "presentation (beamer)" "true"
"book" "book" "book" "true"
"broadway" "broadway" "broadway" "true"
"chess" "article" "article (Chess)" "true"
"cl2emult" "cl2emult" "article (Springer cl2emult)" "false"
"ctexart" "ctexart" "article (CTeX)" "true"
"ctexbook" "ctexbook" "book (CTeX)" "true"
"dinbrief" "dinbrief" "letter (DIN-Brief, German)" "true"
"docbook-book" "book" "DocBook book (SGML)" "true"
"docbook-chapter" "chapter" "DocBook chapter (SGML)" "true"
"docbook-section" "section" "DocBook section (SGML)" "true"
"docbook" "article" "DocBook article (SGML)" "true"
"dtk" "dtk" "article (Die TeXnische Komoedie)" "true"
"egs" "egs" "article (European Geophysical Society)" "false"
"elsarticle" "elsarticle" "article (Elsevier)" "true"
"elsart" "elsart" "article (Elsevier, obsolete version)" "true"
"entcs" "entcs" "article (ENTCS)" "false"
"europecv" "europecv" "curriculum vitae (Europe)" "true"
"extarticle" "extarticle" "article (more font sizes)" "true"
"extbook" "extbook" "book (more font sizes)" "true"
"extletter" "extletter" "letter (more font sizes)" "true"
"extreport" "extreport" "report (more font sizes)" "true"
"foils" "foils" "presentation (FoilTeX)" "true"
"g-brief-de" "g-brief" "letter (g-brief, German)" "true"
"g-brief-en" "g-brief" "letter (g-brief)" "true"
"g-brief2" "g-brief2" "letter (g-brief2)" "true"
"heb-article" "article" "article (Hebrew)" "true"
"heb-letter" "letter" "letter (Hebrew)" "true"
"hollywood" "hollywood" "hollywood" "true"
"ijmpc" "ws-ijmpc" "article (IJMPC)" "true"
"ijmpd" "ws-ijmpd" "article (IJMPD)" "true"
"iopart" "iopart" "article (IOP)" "true"
"isprs" "isprs" "article (Int. Soc. for Photogrammetry etc)" "false"
"jarticle" "jarticle" "article (Japanese)" "false"
"jbook" "jbook" "book (Japanese)" "false"
"jgrga" "aguplus" "article (AGU++ JGR)" "false"
"jreport" "jreport" "report (Japanese)" "false"
"jsarticle" "jsarticle" "article (Japanese New)" "false"
"jsbook" "jsbook" "book (Japanese New)" "false"
"jss" "jss" "article (Journal of Statistical Software)" "true"
"kluwer" "kluwer" "article (Kluwer)" "true"
"latex8" "article" "article (Latex8)" "true"
"letter" "letter" "letter" "true"
"literate-article" "article" "article (Noweb)" "false"
"literate-book" "book" "book (Noweb)" "false"
"literate-report" "report" "report (Noweb)" "false"
"llncs" "llncs" "article (Springer LNCS)" "false"
"ltugboat" "ltugboat" "article (TUGboat)" "true"
"memoir" "memoir" "book (Memoir)" "true"
"moderncv" "moderncv" "curriculum vitae (modern)" "true"
"mwart" "mwart" "article (Polish version by M.W.)" "false"
"mwbk" "mwbk" "book (Polish version by M.W.)" "false"
"mwrep" "mwrep" "report (Polish version by M.W.)" "false"
"paper" "paper" "article (paper)" "true"
"powerdot" "powerdot" "presentation (powerdot)" "true"
"recipebook" "scrbook" "book (recipes)" "true"
"report" "report" "report" "true"
"revtex4" "revtex4" "article (REVTeX 4)" "true"
"revtex" "revtex" "article (REVTeX)" "true"
"scrartcl" "scrartcl" "article (KOMA-Script)" "true"
"scrarticle-beamer" "scrartcl" "article (koma + beamer)" "true"
"scrbook" "scrbook" "book (KOMA-Script)" "true"
"scrlettr" "scrlettr" "letter (KOMA-Script)" "true"
"scrlttr2" "scrlttr2" "letter (KOMA-Script v.2)" "true"
"scrreprt" "scrreprt" "report (KOMA-Script)" "true"
"seminar" "seminar" "transparencies (seminar)" "true"
"siamltex" "siamltex" "article (SIAM)" "false"
"sigplanconf" "sigplanconf" "article (ACM SIGPLAN)" "true"
"simplecv" "simplecv" "curriculum vitae (simple)" "true"
"singlecol" "singlecol" "article (Inderscience SC)" "false"
"slides" "slides" "transparencies (slides)" "true"
"spie" "spie" "article (SPIE Proceedings)" "true"
"svglobal3" "svjour3" "article (Springer svjour3/global)" "false"
"svglobal" "svjour" "article (Springer svjour/global)" "false"
"svjog" "svjour" "article (Springer svjour/jog)" "false"
"svprobth" "svjour" "article (Springer svjour/PTRF)" "false"
"tarticle" "tarticle" "article (Japanese in vertical writing)" "false"
"tbook" "tbook" "book (Japanese in vertical writing)" "false"
"treport" "treport" "report (Japanese in vertical writing)" "false"
